2026-02-24 09:45:52 | INFO     | main | ============================================================
2026-02-24 09:45:52 | INFO     | main |   NSE / BSE  OI  SPIKE  MONITOR  (Index + F&O Stocks)
2026-02-24 09:45:52 | INFO     | main | ============================================================
2026-02-24 09:45:52 | INFO     | main | Data source   : ANGEL
2026-02-24 09:45:52 | INFO     | main | Poll interval : 60s
2026-02-24 09:45:52 | INFO     | main | CSV logging   : ON
2026-02-24 09:45:52 | INFO     | main | Market hours  : enforced
2026-02-24 09:45:52 | INFO     | main | Indices       : NIFTY, SENSEX, BANKNIFTY, MIDCAPSELECT
2026-02-24 09:45:52 | INFO     | main | F&O Stocks    : 32 configured
2026-02-24 09:45:52 | INFO     | main | Starting data source (ANGEL) …
2026-02-24 09:45:53 | INFO     | angel_source | Authenticated (attempt 1)
2026-02-24 09:45:53 | INFO     | angel_source | Downloading Angel One instrument master …
2026-02-24 09:46:07 | INFO     | angel_source | Master downloaded: 212371 records
2026-02-24 09:46:07 | INFO     | angel_source | Token maps built | eq=37/36  nfo_options=10910
2026-02-24 09:46:08 | INFO     | angel_source | Bootstrapping spot prices …
2026-02-24 09:46:08 | INFO     | angel_source | Bootstrap done: 37/37 spots resolved
2026-02-24 09:46:08 | INFO     | angel_source | Angel WS thread started
2026-02-24 09:46:08 | INFO     | angel_source | AngelDataSource ready | eq_tokens=37  nfo_tokens=10910
2026-02-24 09:46:08 | INFO     | main | Data source ready
2026-02-24 09:46:08 | INFO     | main | Stock OI Monitor thread started
2026-02-24 09:46:08 | INFO     | monitor | Stock OI Monitor starting …
2026-02-24 09:46:08 | INFO     | monitor | Index OI Monitor starting …
2026-02-24 09:46:08 | INFO     | monitor |   HDFCBANK             expiry=24FEB2026    threshold=100%
2026-02-24 09:46:08 | INFO     | monitor |   NIFTY                expiry=24FEB2026    threshold=500%
2026-02-24 09:46:08 | INFO     | monitor |   ICICIBANK            expiry=24FEB2026    threshold=100%
2026-02-24 09:46:08 | INFO     | monitor |   SENSEX               expiry=26FEB2026    threshold=500%
2026-02-24 09:46:08 | INFO     | monitor |   SBIN                 expiry=24FEB2026    threshold=100%
2026-02-24 09:46:08 | INFO     | monitor |   BANKNIFTY            expiry=26FEB2026    threshold=100%
2026-02-24 09:46:08 | INFO     | monitor |   KOTAKBANK            expiry=24FEB2026    threshold=100%
2026-02-24 09:46:08 | INFO     | monitor |   MIDCAPSELECT         expiry=02MAR2026    threshold=100%
2026-02-24 09:46:08 | INFO     | monitor |   AXISBANK             expiry=24FEB2026    threshold=100%
2026-02-24 09:46:08 | INFO     | monitor |   BAJFINANCE           expiry=24FEB2026    threshold=100%
2026-02-24 09:46:08 | INFO     | monitor |   BAJAJFINSV           expiry=24FEB2026    threshold=100%
2026-02-24 09:46:08 | INFO     | monitor |   INDUSINDBK           expiry=24FEB2026    threshold=100%
2026-02-24 09:46:08 | INFO     | monitor |   TCS                  expiry=24FEB2026    threshold=100%
2026-02-24 09:46:08 | INFO     | monitor |   INFY                 expiry=24FEB2026    threshold=100%
2026-02-24 09:46:08 | INFO     | monitor |   HCLTECH              expiry=24FEB2026    threshold=100%
2026-02-24 09:46:08 | INFO     | monitor |   WIPRO                expiry=24FEB2026    threshold=100%
2026-02-24 09:46:08 | INFO     | monitor |   TECHM                expiry=24FEB2026    threshold=100%
2026-02-24 09:46:08 | INFO     | monitor |   RELIANCE             expiry=24FEB2026    threshold=100%
2026-02-24 09:46:08 | INFO     | monitor |   ONGC                 expiry=24FEB2026    threshold=100%
2026-02-24 09:46:08 | INFO     | monitor |   BPCL                 expiry=24FEB2026    threshold=100%
2026-02-24 09:46:08 | INFO     | monitor |   NTPC                 expiry=24FEB2026    threshold=100%
2026-02-24 09:46:08 | INFO     | monitor |   COALINDIA            expiry=24FEB2026    threshold=100%
2026-02-24 09:46:08 | INFO     | monitor |   MARUTI               expiry=24FEB2026    threshold=100%
2026-02-24 09:46:08 | INFO     | monitor |   M&M                  expiry=24FEB2026    threshold=100%
2026-02-24 09:46:08 | INFO     | monitor |   TATASTEEL            expiry=24FEB2026    threshold=100%
2026-02-24 09:46:08 | INFO     | monitor |   HINDALCO             expiry=24FEB2026    threshold=100%
2026-02-24 09:46:08 | INFO     | monitor |   JSWSTEEL             expiry=24FEB2026    threshold=100%
2026-02-24 09:46:08 | INFO     | monitor |   DRREDDY              expiry=24FEB2026    threshold=100%
2026-02-24 09:46:08 | INFO     | monitor |   CIPLA                expiry=24FEB2026    threshold=100%
2026-02-24 09:46:08 | INFO     | monitor |   LT                   expiry=24FEB2026    threshold=100%
2026-02-24 09:46:08 | INFO     | monitor |   ADANIENT             expiry=24FEB2026    threshold=100%
2026-02-24 09:46:08 | INFO     | monitor |   BHARTIARTL           expiry=24FEB2026    threshold=100%
2026-02-24 09:46:08 | INFO     | monitor |   ITC                  expiry=24FEB2026    threshold=100%
2026-02-24 09:46:08 | INFO     | monitor |   TITAN                expiry=24FEB2026    threshold=100%
2026-02-24 09:46:08 | INFO     | monitor |   ASIANPAINT           expiry=24FEB2026    threshold=100%
2026-02-24 09:46:08 | INFO     | monitor |   NESTLEIND            expiry=24FEB2026    threshold=100%
2026-02-24 09:46:08 | INFO     | angel_source | Angel WS connected
2026-02-24 09:46:09 | INFO     | angel_source | NFO data access confirmed ✓
2026-02-24 09:56:01 | INFO     | angel_source | Angel WS connected
2026-02-24 10:03:34 | ERROR    | angel_source | Angel WS error: Connection closed
2026-02-24 10:03:34 | INFO     | angel_source | WS reconnect 1/10 in 5s …
2026-02-24 10:03:34 | ERROR    | angel_source | Angel WS error: Connection closed
2026-02-24 10:03:34 | INFO     | angel_source | WS reconnect 1/10 in 5s …
2026-02-24 10:03:34 | ERROR    | angel_source | Angel WS error: Connection closed
2026-02-24 10:03:34 | INFO     | angel_source | WS reconnect 1/10 in 5s …
2026-02-24 10:06:00 | WARNING  | angel_source | Rate limit — waiting 10s (attempt 1/5)
2026-02-24 10:06:00 | WARNING  | angel_source | Rate limit — waiting 10s (attempt 1/5)
2026-02-24 10:06:00 | INFO     | angel_source | Authenticated (attempt 1)
2026-02-24 10:06:00 | INFO     | angel_source | Downloading Angel One instrument master …
2026-02-24 10:06:11 | INFO     | angel_source | Authenticated (attempt 2)
2026-02-24 10:06:11 | INFO     | angel_source | Downloading Angel One instrument master …
2026-02-24 10:06:11 | INFO     | angel_source | Authenticated (attempt 2)
2026-02-24 10:06:11 | INFO     | angel_source | Downloading Angel One instrument master …
2026-02-24 10:06:15 | WARNING  | angel_source | Could not download master: HTTPSConnectionPool(host='margincalculator.angelbroking.com', port=443): Max retries exceeded with url: /OpenAPI_File/files/OpenAPIScripMaster.json (Caused by NewConnectionError("HTTPSConnection(host='margincalculator.angelbroking.com', port=443): Failed to establish a new connection: [Errno 101] Network is unreachable")) — spot/OI may be unavailable
2026-02-24 10:06:15 | INFO     | angel_source | Bootstrapping spot prices …
2026-02-24 10:06:15 | WARNING  | angel_source | Could not download master: HTTPSConnectionPool(host='margincalculator.angelbroking.com', port=443): Max retries exceeded with url: /OpenAPI_File/files/OpenAPIScripMaster.json (Caused by NewConnectionError("HTTPSConnection(host='margincalculator.angelbroking.com', port=443): Failed to establish a new connection: [Errno 101] Network is unreachable")) — spot/OI may be unavailable
2026-02-24 10:06:15 | INFO     | angel_source | Bootstrapping spot prices …
2026-02-24 10:06:28 | WARNING  | angel_source | Bootstrap batch failed NSE ['99926000', '99926009', '99926074']: HTTPSConnectionPool(host='apiconnect.angelone.in', port=443): Read timed out. (read timeout=10)
2026-02-24 10:06:28 | WARNING  | angel_source | Bootstrap batch failed NSE ['99926000', '99926009', '99926074']: HTTPSConnectionPool(host='apiconnect.angelone.in', port=443): Read timed out. (read timeout=10)
2026-02-24 10:06:32 | INFO     | angel_source | Bootstrap done: 1/37 spots resolved
2026-02-24 10:06:32 | INFO     | angel_source | Angel WS thread started
2026-02-24 10:06:32 | INFO     | angel_source | Bootstrap done: 1/37 spots resolved
2026-02-24 10:06:32 | INFO     | angel_source | Angel WS thread started
2026-02-24 10:06:33 | INFO     | angel_source | Angel WS connected
2026-02-24 10:06:33 | INFO     | angel_source | Angel WS connected
2026-02-24 10:06:49 | WARNING  | angel_source | Could not download master: HTTPSConnectionPool(host='margincalculator.angelbroking.com', port=443): Read timed out. — spot/OI may be unavailable
2026-02-24 10:06:49 | INFO     | angel_source | Bootstrapping spot prices …
2026-02-24 10:06:49 | INFO     | angel_source | Bootstrap done: 37/37 spots resolved
2026-02-24 10:06:49 | INFO     | angel_source | Angel WS thread started
2026-02-24 10:07:07 | INFO     | monitor | MIDCAPSELECT ATM changed 13400 → 13425
2026-02-24 10:07:07 | INFO     | monitor | MIDCAPSELECT: WS resubscription triggered for new strikes ITM=13400 ATM=13425 OTM=13450
2026-02-24 10:07:30 | INFO     | angel_source | Angel WS connected
2026-02-24 10:07:41 | INFO     | monitor | SBIN ATM changed 1240 → 1220
2026-02-24 10:07:41 | INFO     | monitor | SBIN: WS resubscription triggered for new strikes ITM=1200 ATM=1220 OTM=1240
2026-02-24 10:07:47 | INFO     | monitor | AXISBANK ATM changed 1400 → 1380
2026-02-24 10:07:47 | INFO     | monitor | AXISBANK: WS resubscription triggered for new strikes ITM=1360 ATM=1380 OTM=1400
2026-02-24 10:07:47 | INFO     | angel_source | Angel WS connected
2026-02-24 10:22:13 | INFO     | main | Shutdown signal (15) received — stopping …
2026-02-24 10:22:13 | INFO     | monitor | Index OI Monitor stopping …
2026-02-24 10:22:13 | INFO     | angel_source | AngelDataSource stopped
